<?xml version="1.0" encoding="UTF-8"?>
<!-- Generated by org.testng.reporters.JUnitReportReporter -->
<testsuite hostname="LTGB012079" failures="0" tests="2" name="com.selenium.tests.HomePageTest" time="18.897" errors="0" timestamp="2025-06-24T13:11:34 BST" skipped="0">
  <testcase classname="com.selenium.tests.HomePageTest" name="verifyHomePageLoadsSuccessfully" time="10.021"/>
  <testcase classname="com.selenium.tests.HomePageTest" name="verifyElementsCardIsVisibleAndClickable" time="8.876"/>
</testsuite> <!-- com.selenium.tests.HomePageTest -->
