<?xml version="1.0" encoding="UTF-8"?>
<!-- Generated by org.testng.reporters.JUnitReportReporter -->
<testsuite hostname="LTGB012079" failures="0" tests="1" name="com.selenium.tests.LoginPageTest" time="17.152" errors="0" timestamp="2025-06-24T09:25:15 BST" skipped="0">
  <testcase classname="com.selenium.tests.LoginPageTest" name="verifyValidLogin" time="17.152"/>
</testsuite> <!-- com.selenium.tests.LoginPageTest -->
