<?xml version="1.0" encoding="UTF-8"?>
<!-- Generated by org.testng.reporters.JUnitReportReporter -->
<testsuite hostname="LTGB012079" failures="0" tests="2" name="com.selenium.tests.HomePageTest" time="25.089" errors="0" timestamp="2025-06-23T13:47:11 BST" skipped="0">
  <testcase classname="com.selenium.tests.HomePageTest" name="verifyElementsCardIsVisibleAndClickable" time="15.832"/>
  <testcase classname="com.selenium.tests.HomePageTest" name="verifyHomePageLoadsSuccessfully" time="9.257"/>
</testsuite> <!-- com.selenium.tests.HomePageTest -->
