<?xml version="1.0" encoding="UTF-8"?>
<!-- Generated by org.testng.reporters.JUnitReportReporter -->
<testsuite hostname="LTGB012079" failures="0" tests="1" name="api.GenerateTokenApiTest" time="4.487" errors="0" timestamp="2025-06-25T10:53:17 BST" skipped="0">
  <testcase classname="api.GenerateTokenApiTest" name="generateTokenTest" time="4.487"/>
</testsuite> <!-- api.GenerateTokenApiTest -->
