<?xml version="1.0" encoding="UTF-8"?>
<!-- Generated by org.testng.reporters.JUnitReportReporter -->
<testsuite hostname="LTGB012079" failures="0" tests="1" name="com.selenium.tests.LoginPageTest" time="10.137" errors="0" timestamp="2025-06-24T13:34:03 BST" skipped="0">
  <testcase classname="com.selenium.tests.LoginPageTest" name="verifyValidLogin" time="10.137"/>
</testsuite> <!-- com.selenium.tests.LoginPageTest -->
