<?xml version="1.0" encoding="UTF-8"?>
<!-- Generated by org.testng.reporters.JUnitReportReporter -->
<testsuite hostname="LTGB012079" failures="0" tests="2" name="com.selenium.tests.HomePageTest" time="21.371" errors="0" timestamp="2025-06-24T13:34:03 BST" skipped="0">
  <testcase classname="com.selenium.tests.HomePageTest" name="verifyHomePageLoadsSuccessfully" time="8.809"/>
  <testcase classname="com.selenium.tests.HomePageTest" name="verifyElementsCardIsVisibleAndClickable" time="12.562"/>
</testsuite> <!-- com.selenium.tests.HomePageTest -->
