<?xml version="1.0" encoding="UTF-8"?>
<!-- Generated by org.testng.reporters.JUnitReportReporter -->
<testsuite hostname="LTGB012079" failures="0" tests="1" name="api.LoginApiTest" time="0.258" errors="0" timestamp="2025-06-25T10:05:25 BST" skipped="0">
  <testcase classname="api.LoginApiTest" name="verifyLoginApi" time="0.258"/>
</testsuite> <!-- api.LoginApiTest -->
