<?xml version="1.0" encoding="UTF-8"?>
<!-- Generated by org.testng.reporters.JUnitReportReporter -->
<testsuite hostname="LTGB012079" failures="0" tests="1" name="api.LoginApiTest" time="0.219" errors="0" timestamp="2025-06-24T16:56:09 BST" skipped="0">
  <testcase classname="api.LoginApiTest" name="testLoginApi" time="0.219"/>
</testsuite> <!-- api.LoginApiTest -->
