<?xml version="1.0" encoding="UTF-8"?>
<!-- Generated by org.testng.reporters.JUnitReportReporter -->
<testsuite hostname="LTGB012079" failures="0" tests="1" name="runner.TestRunner" time="0.130" errors="0" timestamp="2025-06-24T13:34:03 BST" skipped="0">
  <testcase classname="runner.TestRunner" name="runScenario" time="0.130"/>
</testsuite> <!-- runner.TestRunner -->
