<?xml version="1.0" encoding="UTF-8"?>
<!-- Generated by org.testng.reporters.JUnitReportReporter -->
<testsuite hostname="LTGB012079" failures="0" tests="1" name="api.LoginApiTest" time="2.949" errors="0" timestamp="2025-06-24T13:34:03 BST" skipped="0">
  <testcase classname="api.LoginApiTest" name="testLoginApi" time="2.949"/>
</testsuite> <!-- api.LoginApiTest -->
