<?xml version="1.0" encoding="UTF-8"?>
<!-- Generated by org.testng.reporters.JUnitReportReporter -->
<testsuite hostname="LTGB012079" failures="0" tests="1" name="com.selenium.tests.LoginPageTest" time="9.533" errors="0" timestamp="2025-06-25T13:35:55 BST" skipped="0">
  <testcase classname="com.selenium.tests.LoginPageTest" name="verifyValidLogin" time="9.533"/>
</testsuite> <!-- com.selenium.tests.LoginPageTest -->
